[2025-08-18 16:44:44,802 : INFO : main : Welcome to my personal log]
[2025-08-19 01:09:21,541 : INFO : common : yaml file: config\config.yaml loaded successfully]
[2025-08-19 01:09:21,544 : INFO : common : yaml file: params.yaml loaded successfully]
[2025-08-19 01:11:47,893 : INFO : common : yaml file: config\config.yaml loaded successfully]
[2025-08-19 01:11:47,897 : INFO : common : yaml file: params.yaml loaded successfully]
[2025-08-19 01:14:37,046 : INFO : common : yaml file: config\config.yaml loaded successfully]
[2025-08-19 01:14:37,069 : INFO : common : yaml file: params.yaml loaded successfully]
[2025-08-19 01:14:37,071 : INFO : common : created directory at: artifacts]
[2025-08-19 01:14:37,073 : INFO : common : created directory at: artifacts/data_ingestion]
[2025-08-19 01:14:46,235 : INFO : 3399376260 : artifacts/data_ingestion/data.zip download! with following info: 
 Connection: close
Content-Length: 11616915
Cache-Control: max-age=300
Content-Security-Policy: default-src 'none'; style-src 'unsafe-inline'; sandbox
Content-Type: application/zip
ETag: "adf745abc03891fe493c3be264ec012691fe3fa21d861f35a27edbe6d86a76b1"
Strict-Transport-Security: max-age=31536000
X-Content-Type-Options: nosniff
X-Frame-Options: deny
X-XSS-Protection: 1; mode=block
X-GitHub-Request-Id: 4645:3D855E:69FEA:EA61B:68A382A5
Accept-Ranges: bytes
Date: Mon, 18 Aug 2025 19:44:39 GMT
Via: 1.1 varnish
X-Served-By: cache-bom-vanm7210092-BOM
X-Cache: MISS
X-Cache-Hits: 0
X-Timer: S1755546278.219254,VS0,VE1056
Vary: Authorization,Accept-Encoding
Access-Control-Allow-Origin: *
Cross-Origin-Resource-Policy: cross-origin
X-Fastly-Request-ID: bc4435b982f4579fef38590d588c67c0654a209f
Expires: Mon, 18 Aug 2025 19:49:39 GMT
Source-Age: 1

]
[2025-08-19 01:57:03,508 : INFO : main : >>>>>> Data Ingestion Stage started <<<<<<]
[2025-08-19 01:57:03,510 : INFO : common : yaml file: config\config.yaml loaded successfully]
[2025-08-19 01:57:03,511 : INFO : common : yaml file: params.yaml loaded successfully]
[2025-08-19 01:57:03,511 : INFO : common : created directory at: artifacts]
[2025-08-19 01:57:03,511 : INFO : common : created directory at: artifacts/data_ingestion]
[2025-08-19 01:57:03,512 : INFO : data_ingestion : File already exists of size: ~ 11345 KB]
[2025-08-19 01:57:03,711 : INFO : main : >>>>>> Data Ingestion Stage completed <<<<<<

x==========x]
[2025-08-19 02:13:50,376 : INFO : common : yaml file: config\config.yaml loaded successfully]
[2025-08-19 02:13:50,380 : INFO : common : yaml file: params.yaml loaded successfully]
[2025-08-19 02:13:50,382 : INFO : common : created directory at: artifacts]
[2025-08-19 02:13:50,384 : INFO : common : created directory at: artifacts/prepare_base_model]
[2025-08-19 02:14:09,304 : WARNING : saving_api : You are saving your model as an HDF5 file via `model.save()` or `keras.saving.save_model(model)`. This file format is considered legacy. We recommend using instead the native Keras format, e.g. `model.save('my_model.keras')` or `keras.saving.save_model(model, 'my_model.keras')`. ]
[2025-08-19 02:14:09,562 : WARNING : saving_api : You are saving your model as an HDF5 file via `model.save()` or `keras.saving.save_model(model)`. This file format is considered legacy. We recommend using instead the native Keras format, e.g. `model.save('my_model.keras')` or `keras.saving.save_model(model, 'my_model.keras')`. ]
[2025-08-19 02:44:37,485 : INFO : main : >>>>>> Data Ingestion Stage started <<<<<<]
[2025-08-19 02:44:37,495 : INFO : common : yaml file: config\config.yaml loaded successfully]
[2025-08-19 02:44:37,505 : INFO : common : yaml file: params.yaml loaded successfully]
[2025-08-19 02:44:37,506 : INFO : common : created directory at: artifacts]
[2025-08-19 02:44:37,507 : INFO : common : created directory at: artifacts/data_ingestion]
[2025-08-19 02:44:37,507 : INFO : data_ingestion : File already exists of size: ~ 11345 KB]
[2025-08-19 02:44:37,747 : INFO : main : >>>>>> Data Ingestion Stage completed <<<<<<

x==========x]
[2025-08-19 02:44:37,747 : INFO : main : >>>>>> Prepare Base Model started <<<<]
[2025-08-19 02:44:37,748 : INFO : common : yaml file: config\config.yaml loaded successfully]
[2025-08-19 02:44:37,749 : INFO : common : yaml file: params.yaml loaded successfully]
[2025-08-19 02:44:37,750 : INFO : common : created directory at: artifacts]
[2025-08-19 02:44:37,750 : ERROR : main : 'ConfigurationManager' object has no attribute 'get_prepare_base_model_config']
Traceback (most recent call last):
  File "C:\Users\hardi\OneDrive - wipro\Desktop\DL ops HS\vinipro\main.py", line 32, in <module>
    prepare_base_model.main()
  File "C:\Users\hardi\OneDrive - wipro\Desktop\DL ops HS\vinipro\src\cnnclassifier\pipeline\stage_02_prepare_base_model.py", line 12, in main
    prepare_base_model_config = config.get_prepare_base_model_config()
                               ^^^^^^^^^^^^^^^^^^^^^^^^^^^^^^^^^^^^
AttributeError: 'ConfigurationManager' object has no attribute 'get_prepare_base_model_config'
[2025-08-19 02:50:26,671 : INFO : main : >>>>>> Data Ingestion Stage started <<<<<<]
[2025-08-19 02:50:26,674 : INFO : common : yaml file: config\config.yaml loaded successfully]
[2025-08-19 02:50:26,679 : INFO : common : yaml file: params.yaml loaded successfully]
[2025-08-19 02:50:26,680 : INFO : common : created directory at: artifacts]
[2025-08-19 02:50:26,680 : INFO : common : created directory at: artifacts/data_ingestion]
[2025-08-19 02:50:26,681 : INFO : data_ingestion : File already exists of size: ~ 11345 KB]
[2025-08-19 02:50:26,966 : INFO : main : >>>>>> Data Ingestion Stage completed <<<<<<

x==========x]
[2025-08-19 02:50:26,966 : INFO : main : >>>>>> Prepare Base Model started <<<<]
[2025-08-19 02:50:26,968 : INFO : common : yaml file: config\config.yaml loaded successfully]
[2025-08-19 02:50:26,969 : INFO : common : yaml file: params.yaml loaded successfully]
[2025-08-19 02:50:26,970 : INFO : common : created directory at: artifacts]
[2025-08-19 02:50:26,970 : ERROR : main : 'ConfigurationManager' object has no attribute 'get_prepare_base_model_config']
Traceback (most recent call last):
  File "C:\Users\hardi\OneDrive - wipro\Desktop\DL ops HS\vinipro\main.py", line 32, in <module>
    prepare_base_model.main()
  File "C:\Users\hardi\OneDrive - wipro\Desktop\DL ops HS\vinipro\src\cnnclassifier\pipeline\stage_02_prepare_base_model.py", line 12, in main
    prepare_base_model_config = config.get_prepare_base_model_config()
                               ^^^^^^^^^^^^^^^^^^^^^^^^^^^^^^^^^^^^
AttributeError: 'ConfigurationManager' object has no attribute 'get_prepare_base_model_config'
[2025-08-19 03:00:43,023 : INFO : main : >>>>>> Data Ingestion Stage started <<<<<<]
[2025-08-19 03:00:43,024 : INFO : common : yaml file: config\config.yaml loaded successfully]
[2025-08-19 03:00:43,025 : INFO : common : yaml file: params.yaml loaded successfully]
[2025-08-19 03:00:43,025 : INFO : common : created directory at: artifacts]
[2025-08-19 03:00:43,026 : INFO : common : created directory at: artifacts/data_ingestion]
[2025-08-19 03:00:43,026 : INFO : data_ingestion : File already exists of size: ~ 11345 KB]
[2025-08-19 03:00:43,208 : INFO : main : >>>>>> Data Ingestion Stage completed <<<<<<

x==========x]
[2025-08-19 03:00:43,208 : INFO : main : >>>>>> Prepare Base Model started <<<<]
[2025-08-19 03:00:43,209 : INFO : common : yaml file: config\config.yaml loaded successfully]
[2025-08-19 03:00:43,210 : INFO : common : yaml file: params.yaml loaded successfully]
[2025-08-19 03:00:43,211 : INFO : common : created directory at: artifacts]
[2025-08-19 03:00:43,211 : INFO : common : created directory at: artifacts/prepare_base_model]
[2025-08-19 03:00:43,585 : WARNING : saving_api : You are saving your model as an HDF5 file via `model.save()` or `keras.saving.save_model(model)`. This file format is considered legacy. We recommend using instead the native Keras format, e.g. `model.save('my_model.keras')` or `keras.saving.save_model(model, 'my_model.keras')`. ]
[2025-08-19 03:00:43,747 : WARNING : saving_api : You are saving your model as an HDF5 file via `model.save()` or `keras.saving.save_model(model)`. This file format is considered legacy. We recommend using instead the native Keras format, e.g. `model.save('my_model.keras')` or `keras.saving.save_model(model, 'my_model.keras')`. ]
[2025-08-19 03:00:43,873 : INFO : main : >>>>>>> Prepare Base Model completed <<<<<

x=======x]
[2025-08-19 03:11:17,501 : INFO : common : yaml file: config\config.yaml loaded successfully]
[2025-08-19 03:11:17,512 : INFO : common : yaml file: params.yaml loaded successfully]
[2025-08-19 03:11:17,517 : INFO : common : created directory at: artifacts]
[2025-08-19 03:14:11,473 : INFO : common : yaml file: config\config.yaml loaded successfully]
[2025-08-19 03:14:11,477 : INFO : common : yaml file: params.yaml loaded successfully]
[2025-08-19 03:14:11,480 : INFO : common : created directory at: artifacts]
[2025-08-19 03:21:36,824 : INFO : common : yaml file: config\config.yaml loaded successfully]
[2025-08-19 03:21:36,829 : INFO : common : yaml file: params.yaml loaded successfully]
[2025-08-19 03:21:36,831 : INFO : common : created directory at: artifacts]
[2025-08-19 03:22:16,186 : INFO : common : yaml file: config\config.yaml loaded successfully]
[2025-08-19 03:22:16,191 : INFO : common : yaml file: params.yaml loaded successfully]
[2025-08-19 03:22:16,194 : INFO : common : created directory at: artifacts]
[2025-08-19 03:23:10,376 : INFO : common : yaml file: config\config.yaml loaded successfully]
[2025-08-19 03:23:10,381 : INFO : common : yaml file: params.yaml loaded successfully]
[2025-08-19 03:23:10,383 : INFO : common : created directory at: artifacts]
[2025-08-19 03:23:27,340 : INFO : common : yaml file: config\config.yaml loaded successfully]
[2025-08-19 03:23:27,345 : INFO : common : yaml file: params.yaml loaded successfully]
[2025-08-19 03:23:27,348 : INFO : common : created directory at: artifacts]
[2025-08-19 03:30:15,082 : INFO : common : yaml file: config\config.yaml loaded successfully]
[2025-08-19 03:30:15,087 : INFO : common : yaml file: params.yaml loaded successfully]
[2025-08-19 03:30:15,089 : INFO : common : created directory at: artifacts]
[2025-08-23 16:07:48,394 : INFO : common : yaml file: config\config.yaml loaded successfully]
[2025-08-23 16:07:48,413 : INFO : common : yaml file: params.yaml loaded successfully]
[2025-08-23 16:07:48,417 : INFO : common : created directory at: artifacts]
[2025-08-23 16:07:48,420 : INFO : common : created directory at: artifacts\prepare_callbacks\checkpoint_dir]
[2025-08-23 16:07:48,421 : INFO : common : created directory at: artifacts\prepare_callbacks\tensorboard_log_dir]
[2025-08-23 16:08:54,642 : INFO : main : >>>>>> Data Ingestion Stage started <<<<<<]
[2025-08-23 16:08:54,644 : INFO : common : yaml file: config\config.yaml loaded successfully]
[2025-08-23 16:08:54,645 : INFO : common : yaml file: params.yaml loaded successfully]
[2025-08-23 16:08:54,645 : INFO : common : created directory at: artifacts]
[2025-08-23 16:08:54,645 : INFO : common : created directory at: artifacts/data_ingestion]
[2025-08-23 16:08:54,645 : INFO : data_ingestion : File already exists of size: ~ 11345 KB]
[2025-08-23 16:08:54,880 : INFO : main : >>>>>> Data Ingestion Stage completed <<<<<<

x==========x]
[2025-08-23 16:08:54,881 : INFO : main : >>>>>> Prepare Base Model started <<<<]
[2025-08-23 16:08:54,882 : INFO : common : yaml file: config\config.yaml loaded successfully]
[2025-08-23 16:08:54,883 : INFO : common : yaml file: params.yaml loaded successfully]
[2025-08-23 16:08:54,883 : INFO : common : created directory at: artifacts]
[2025-08-23 16:08:54,883 : INFO : common : created directory at: artifacts/prepare_base_model]
[2025-08-23 16:08:55,287 : WARNING : saving_api : You are saving your model as an HDF5 file via `model.save()` or `keras.saving.save_model(model)`. This file format is considered legacy. We recommend using instead the native Keras format, e.g. `model.save('my_model.keras')` or `keras.saving.save_model(model, 'my_model.keras')`. ]
[2025-08-23 16:08:55,440 : WARNING : saving_api : You are saving your model as an HDF5 file via `model.save()` or `keras.saving.save_model(model)`. This file format is considered legacy. We recommend using instead the native Keras format, e.g. `model.save('my_model.keras')` or `keras.saving.save_model(model, 'my_model.keras')`. ]
[2025-08-23 16:08:56,051 : INFO : main : >>>>>>> Prepare Base Model completed <<<<<

x=======x]
[2025-08-23 16:14:53,425 : INFO : common : yaml file: config\config.yaml loaded successfully]
[2025-08-23 16:14:53,429 : INFO : common : yaml file: params.yaml loaded successfully]
[2025-08-23 16:14:53,431 : INFO : common : created directory at: artifacts]
[2025-08-23 16:14:53,433 : INFO : common : created directory at: artifacts\prepare_callbacks\checkpoint_dir]
[2025-08-23 16:14:53,434 : INFO : common : created directory at: artifacts\prepare_callbacks\tensorboard_log_dir]
[2025-08-23 16:28:34,909 : INFO : common : yaml file: config\config.yaml loaded successfully]
[2025-08-23 16:28:34,919 : INFO : common : yaml file: params.yaml loaded successfully]
[2025-08-23 16:28:34,923 : INFO : common : created directory at: artifacts]
[2025-08-23 16:28:34,926 : INFO : common : created directory at: artifacts\prepare_callbacks\checkpoint_dir]
[2025-08-23 16:28:34,929 : INFO : common : created directory at: artifacts\prepare_callbacks\tensorboard_log_dir]
[2025-08-23 16:31:48,268 : INFO : common : yaml file: config\config.yaml loaded successfully]
[2025-08-23 16:31:48,272 : INFO : common : yaml file: params.yaml loaded successfully]
[2025-08-23 16:31:48,272 : INFO : common : created directory at: artifacts]
[2025-08-23 16:31:48,273 : INFO : common : created directory at: artifacts\prepare_callbacks\checkpoint_dir]
[2025-08-23 16:31:48,274 : INFO : common : created directory at: artifacts\prepare_callbacks\tensorboard_log_dir]
[2025-08-23 16:37:53,156 : INFO : common : yaml file: config\config.yaml loaded successfully]
[2025-08-23 16:37:53,159 : INFO : common : yaml file: params.yaml loaded successfully]
[2025-08-23 16:37:53,161 : INFO : common : created directory at: artifacts]
[2025-08-23 16:37:53,161 : INFO : common : created directory at: artifacts\prepare_callbacks\checkpoint_dir]
[2025-08-23 16:37:53,163 : INFO : common : created directory at: artifacts\prepare_callbacks\tensorboard_log_dir]
[2025-08-23 16:40:33,419 : INFO : common : yaml file: config\config.yaml loaded successfully]
[2025-08-23 16:40:33,421 : INFO : common : yaml file: params.yaml loaded successfully]
[2025-08-23 16:40:33,422 : INFO : common : created directory at: artifacts]
[2025-08-23 16:40:33,424 : INFO : common : created directory at: artifacts\prepare_callbacks\checkpoint_dir]
[2025-08-23 16:40:33,425 : INFO : common : created directory at: artifacts\prepare_callbacks\tensorboard_log_dir]
[2025-08-23 16:41:36,877 : INFO : common : yaml file: config\config.yaml loaded successfully]
[2025-08-23 16:41:36,879 : INFO : common : yaml file: params.yaml loaded successfully]
[2025-08-23 16:41:36,881 : INFO : common : created directory at: artifacts]
[2025-08-23 16:41:36,883 : INFO : common : created directory at: artifacts\prepare_callbacks\checkpoint_dir]
[2025-08-23 16:41:36,884 : INFO : common : created directory at: artifacts\prepare_callbacks\tensorboard_log_dir]
[2025-08-23 16:49:31,389 : INFO : common : yaml file: config\config.yaml loaded successfully]
[2025-08-23 16:49:31,391 : INFO : common : yaml file: params.yaml loaded successfully]
[2025-08-23 16:49:31,392 : INFO : common : created directory at: artifacts]
[2025-08-23 16:49:31,393 : INFO : common : created directory at: artifacts\prepare_callbacks\checkpoint_dir]
[2025-08-23 16:49:31,394 : INFO : common : created directory at: artifacts\prepare_callbacks\tensorboard_log_dir]
[2025-08-23 16:57:42,151 : INFO : common : yaml file: config\config.yaml loaded successfully]
[2025-08-23 16:57:42,155 : INFO : common : yaml file: params.yaml loaded successfully]
[2025-08-23 16:57:42,156 : INFO : common : created directory at: artifacts]
[2025-08-23 16:57:42,157 : INFO : common : created directory at: artifacts\prepare_callbacks\checkpoint_dir]
[2025-08-23 16:57:42,159 : INFO : common : created directory at: artifacts\prepare_callbacks\tensorboard_log_dir]
[2025-08-23 17:18:48,970 : INFO : common : yaml file: config\config.yaml loaded successfully]
[2025-08-23 17:18:48,983 : INFO : common : yaml file: params.yaml loaded successfully]
[2025-08-23 17:18:48,986 : INFO : common : created directory at: artifacts]
[2025-08-23 17:18:48,992 : INFO : common : created directory at: artifacts\prepare_callbacks\checkpoint_dir]
[2025-08-23 17:18:48,996 : INFO : common : created directory at: artifacts\prepare_callbacks\tensorboard_log_dir]
[2025-08-23 17:19:27,839 : INFO : common : yaml file: config\config.yaml loaded successfully]
[2025-08-23 17:19:27,843 : INFO : common : yaml file: params.yaml loaded successfully]
[2025-08-23 17:19:27,846 : INFO : common : created directory at: artifacts]
[2025-08-23 17:19:27,850 : INFO : common : created directory at: artifacts\prepare_callbacks\checkpoint_dir]
[2025-08-23 17:19:27,853 : INFO : common : created directory at: artifacts\prepare_callbacks\tensorboard_log_dir]
[2025-08-23 17:19:53,018 : INFO : common : yaml file: config\config.yaml loaded successfully]
[2025-08-23 17:19:53,023 : INFO : common : yaml file: params.yaml loaded successfully]
[2025-08-23 17:19:53,026 : INFO : common : created directory at: artifacts]
[2025-08-23 17:19:53,028 : INFO : common : created directory at: artifacts\prepare_callbacks\checkpoint_dir]
[2025-08-23 17:19:53,030 : INFO : common : created directory at: artifacts\prepare_callbacks\tensorboard_log_dir]
[2025-08-23 17:19:53,031 : INFO : common : created directory at: artifacts\training]
[2025-08-23 17:21:56,886 : WARNING : saving_api : You are saving your model as an HDF5 file via `model.save()` or `keras.saving.save_model(model)`. This file format is considered legacy. We recommend using instead the native Keras format, e.g. `model.save('my_model.keras')` or `keras.saving.save_model(model, 'my_model.keras')`. ]
[2025-08-23 17:21:57,201 : WARNING : saving_api : You are saving your model as an HDF5 file via `model.save()` or `keras.saving.save_model(model)`. This file format is considered legacy. We recommend using instead the native Keras format, e.g. `model.save('my_model.keras')` or `keras.saving.save_model(model, 'my_model.keras')`. ]
[2025-08-23 17:43:24,291 : INFO : main : >>>>>> Data Ingestion Stage started <<<<<<]
[2025-08-23 17:43:24,297 : INFO : common : yaml file: config\config.yaml loaded successfully]
[2025-08-23 17:43:24,300 : INFO : common : yaml file: params.yaml loaded successfully]
[2025-08-23 17:43:24,301 : INFO : common : created directory at: artifacts]
[2025-08-23 17:43:24,302 : INFO : common : created directory at: artifacts/data_ingestion]
[2025-08-23 17:43:24,304 : INFO : data_ingestion : File already exists of size: ~ 11345 KB]
[2025-08-23 17:43:24,722 : INFO : main : >>>>>> Data Ingestion Stage completed <<<<<<

x==========x]
[2025-08-23 17:43:24,724 : INFO : main : >>>>>> Prepare Base Model started <<<<]
[2025-08-23 17:43:24,726 : INFO : common : yaml file: config\config.yaml loaded successfully]
[2025-08-23 17:43:24,727 : INFO : common : yaml file: params.yaml loaded successfully]
[2025-08-23 17:43:24,727 : INFO : common : created directory at: artifacts]
[2025-08-23 17:43:24,728 : INFO : common : created directory at: artifacts/prepare_base_model]
[2025-08-23 17:43:25,269 : WARNING : saving_api : You are saving your model as an HDF5 file via `model.save()` or `keras.saving.save_model(model)`. This file format is considered legacy. We recommend using instead the native Keras format, e.g. `model.save('my_model.keras')` or `keras.saving.save_model(model, 'my_model.keras')`. ]
[2025-08-23 17:43:25,483 : WARNING : saving_api : You are saving your model as an HDF5 file via `model.save()` or `keras.saving.save_model(model)`. This file format is considered legacy. We recommend using instead the native Keras format, e.g. `model.save('my_model.keras')` or `keras.saving.save_model(model, 'my_model.keras')`. ]
[2025-08-23 17:43:25,644 : INFO : main : >>>>>>> Prepare Base Model completed <<<<<

x=======x]
[2025-08-23 17:43:25,644 : INFO : main : >>>>>> Training started <<<<<<]
[2025-08-23 17:43:25,647 : INFO : common : yaml file: config\config.yaml loaded successfully]
[2025-08-23 17:43:25,648 : INFO : common : yaml file: params.yaml loaded successfully]
[2025-08-23 17:43:25,649 : INFO : common : created directory at: artifacts]
[2025-08-23 17:43:25,649 : INFO : common : created directory at: artifacts\prepare_callbacks\checkpoint_dir]
[2025-08-23 17:43:25,650 : INFO : common : created directory at: artifacts\prepare_callbacks\tensorboard_log_dir]
[2025-08-23 17:43:25,650 : INFO : common : created directory at: artifacts\training]
[2025-08-23 17:43:25,881 : WARNING : saving_utils : Compiled the loaded model, but the compiled metrics have yet to be built. `model.compile_metrics` will be empty until you train or evaluate the model.]
[2025-08-23 17:46:28,302 : WARNING : saving_api : You are saving your model as an HDF5 file via `model.save()` or `keras.saving.save_model(model)`. This file format is considered legacy. We recommend using instead the native Keras format, e.g. `model.save('my_model.keras')` or `keras.saving.save_model(model, 'my_model.keras')`. ]
[2025-08-23 17:46:28,856 : WARNING : saving_api : You are saving your model as an HDF5 file via `model.save()` or `keras.saving.save_model(model)`. This file format is considered legacy. We recommend using instead the native Keras format, e.g. `model.save('my_model.keras')` or `keras.saving.save_model(model, 'my_model.keras')`. ]
[2025-08-23 17:46:29,158 : INFO : main : >>>>>> Training completed <<<<<<

x==========x]
[2025-08-23 17:46:29,158 : INFO : main : >>>>>> Evaluation started <<<<<<]
[2025-08-23 17:46:29,169 : INFO : common : yaml file: config\config.yaml loaded successfully]
[2025-08-23 17:46:29,175 : INFO : common : yaml file: params.yaml loaded successfully]
[2025-08-23 17:46:29,180 : INFO : common : created directory at: artifacts]
[2025-08-23 17:46:29,841 : WARNING : saving_utils : Compiled the loaded model, but the compiled metrics have yet to be built. `model.compile_metrics` will be empty until you train or evaluate the model.]
[2025-08-23 17:46:51,964 : INFO : common : json file saved at: scores.json]
[2025-08-23 17:46:51,966 : INFO : main : >>>>>> Evaluation completed <<<<<<

x==========x]
[2025-08-23 18:05:35,708 : INFO : stage_01_data_ingestion : >>>> stage Data Ingestion stage started >>>>>]
[2025-08-23 18:05:35,711 : INFO : common : yaml file: config\config.yaml loaded successfully]
[2025-08-23 18:05:35,713 : INFO : common : yaml file: params.yaml loaded successfully]
[2025-08-23 18:05:35,713 : INFO : common : created directory at: artifacts]
[2025-08-23 18:05:35,714 : INFO : common : created directory at: artifacts/data_ingestion]
[2025-08-23 18:05:35,715 : INFO : data_ingestion : File already exists of size: ~ 11345 KB]
[2025-08-23 18:05:36,147 : INFO : stage_01_data_ingestion : >>> stage Data Ingestion stage completed >>>>>

 x======x]
[2025-08-23 18:05:55,589 : INFO : stage_01_data_ingestion : >>>> stage Data Ingestion stage started >>>>>]
[2025-08-23 18:05:55,591 : INFO : common : yaml file: config\config.yaml loaded successfully]
[2025-08-23 18:05:55,594 : INFO : common : yaml file: params.yaml loaded successfully]
[2025-08-23 18:05:55,594 : INFO : common : created directory at: artifacts]
[2025-08-23 18:05:55,595 : INFO : common : created directory at: artifacts/data_ingestion]
[2025-08-23 18:05:55,596 : INFO : data_ingestion : File already exists of size: ~ 11345 KB]
[2025-08-23 18:05:55,923 : INFO : stage_01_data_ingestion : >>> stage Data Ingestion stage completed >>>>>

 x======x]
[2025-08-23 18:06:16,645 : INFO : stage_02_prepare_base_model : ***********]
[2025-08-23 18:06:16,645 : INFO : stage_02_prepare_base_model : >>>>>> stage Prepare base model started <<<<<]
[2025-08-23 18:06:16,649 : INFO : common : yaml file: config\config.yaml loaded successfully]
[2025-08-23 18:06:16,652 : INFO : common : yaml file: params.yaml loaded successfully]
[2025-08-23 18:06:16,653 : INFO : common : created directory at: artifacts]
[2025-08-23 18:06:16,654 : INFO : common : created directory at: artifacts/prepare_base_model]
[2025-08-23 18:06:17,235 : WARNING : saving_api : You are saving your model as an HDF5 file via `model.save()` or `keras.saving.save_model(model)`. This file format is considered legacy. We recommend using instead the native Keras format, e.g. `model.save('my_model.keras')` or `keras.saving.save_model(model, 'my_model.keras')`. ]
[2025-08-23 18:06:17,432 : WARNING : saving_api : You are saving your model as an HDF5 file via `model.save()` or `keras.saving.save_model(model)`. This file format is considered legacy. We recommend using instead the native Keras format, e.g. `model.save('my_model.keras')` or `keras.saving.save_model(model, 'my_model.keras')`. ]
[2025-08-23 18:06:17,559 : INFO : stage_02_prepare_base_model : >>>>> stage Prepare base model completed <<<<<<<

x=====x]
[2025-08-23 18:08:45,568 : INFO : stage_02_prepare_base_model : ***********]
[2025-08-23 18:08:45,568 : INFO : stage_02_prepare_base_model : >>>>>> stage Prepare base model started <<<<<]
[2025-08-23 18:08:45,572 : INFO : common : yaml file: config\config.yaml loaded successfully]
[2025-08-23 18:08:45,574 : INFO : common : yaml file: params.yaml loaded successfully]
[2025-08-23 18:08:45,575 : INFO : common : created directory at: artifacts]
[2025-08-23 18:08:45,576 : INFO : common : created directory at: artifacts/prepare_base_model]
[2025-08-23 18:08:46,959 : WARNING : saving_api : You are saving your model as an HDF5 file via `model.save()` or `keras.saving.save_model(model)`. This file format is considered legacy. We recommend using instead the native Keras format, e.g. `model.save('my_model.keras')` or `keras.saving.save_model(model, 'my_model.keras')`. ]
[2025-08-23 18:08:47,486 : WARNING : saving_api : You are saving your model as an HDF5 file via `model.save()` or `keras.saving.save_model(model)`. This file format is considered legacy. We recommend using instead the native Keras format, e.g. `model.save('my_model.keras')` or `keras.saving.save_model(model, 'my_model.keras')`. ]
[2025-08-23 18:08:47,860 : INFO : stage_02_prepare_base_model : >>>>> stage Prepare base model completed <<<<<<<

x=====x]
[2025-08-23 18:09:01,562 : INFO : stage_03_training : *******************]
[2025-08-23 18:09:01,563 : INFO : stage_03_training : >>>>>> stage Training started <<<<<<]
[2025-08-23 18:09:01,565 : INFO : common : yaml file: config\config.yaml loaded successfully]
[2025-08-23 18:09:01,567 : INFO : common : yaml file: params.yaml loaded successfully]
[2025-08-23 18:09:01,567 : INFO : common : created directory at: artifacts]
[2025-08-23 18:09:01,568 : INFO : common : created directory at: artifacts\prepare_callbacks\checkpoint_dir]
[2025-08-23 18:09:01,570 : INFO : common : created directory at: artifacts\prepare_callbacks\tensorboard_log_dir]
[2025-08-23 18:09:01,571 : INFO : common : created directory at: artifacts\training]
[2025-08-23 18:09:01,954 : WARNING : saving_utils : Compiled the loaded model, but the compiled metrics have yet to be built. `model.compile_metrics` will be empty until you train or evaluate the model.]
[2025-08-23 18:11:19,140 : WARNING : saving_api : You are saving your model as an HDF5 file via `model.save()` or `keras.saving.save_model(model)`. This file format is considered legacy. We recommend using instead the native Keras format, e.g. `model.save('my_model.keras')` or `keras.saving.save_model(model, 'my_model.keras')`. ]
[2025-08-23 18:11:19,371 : WARNING : saving_api : You are saving your model as an HDF5 file via `model.save()` or `keras.saving.save_model(model)`. This file format is considered legacy. We recommend using instead the native Keras format, e.g. `model.save('my_model.keras')` or `keras.saving.save_model(model, 'my_model.keras')`. ]
[2025-08-23 18:11:19,517 : INFO : stage_03_training : >>>>>> stage Training completed <<<<<<

x==========x]
[2025-08-23 18:11:29,564 : INFO : stage_04_evaluation : *******************]
[2025-08-23 18:11:29,565 : INFO : stage_04_evaluation : >>>>>> stage Evaluation stage started <<<<<<]
[2025-08-23 18:11:29,567 : INFO : common : yaml file: config\config.yaml loaded successfully]
[2025-08-23 18:11:29,567 : INFO : common : yaml file: params.yaml loaded successfully]
[2025-08-23 18:11:29,568 : INFO : common : created directory at: artifacts]
[2025-08-23 18:11:29,888 : WARNING : saving_utils : Compiled the loaded model, but the compiled metrics have yet to be built. `model.compile_metrics` will be empty until you train or evaluate the model.]
[2025-08-23 18:11:37,857 : INFO : common : json file saved at: scores.json]
[2025-08-23 18:11:37,858 : INFO : stage_04_evaluation : >>>>>> stage Evaluation stage completed <<<<<<

x==========x]
[2025-11-24 13:13:37,987 : INFO : main : >>>>>> Data Ingestion Stage started <<<<<<]
[2025-11-24 13:13:38,009 : INFO : common : yaml file: config\config.yaml loaded successfully]
[2025-11-24 13:13:38,045 : INFO : common : yaml file: params.yaml loaded successfully]
[2025-11-24 13:13:38,046 : INFO : common : created directory at: artifacts]
[2025-11-24 13:13:38,047 : INFO : common : created directory at: artifacts/data_ingestion]
[2025-11-24 13:13:38,048 : INFO : data_ingestion : File already exists of size: ~ 11345 KB]
[2025-11-24 13:13:38,586 : INFO : main : >>>>>> Data Ingestion Stage completed <<<<<<

x==========x]
[2025-11-24 13:13:38,586 : INFO : main : >>>>>> Prepare Base Model started <<<<]
[2025-11-24 13:13:38,589 : INFO : common : yaml file: config\config.yaml loaded successfully]
[2025-11-24 13:13:38,590 : INFO : common : yaml file: params.yaml loaded successfully]
[2025-11-24 13:13:38,591 : INFO : common : created directory at: artifacts]
[2025-11-24 13:13:38,592 : INFO : common : created directory at: artifacts/prepare_base_model]
[2025-11-24 13:13:39,427 : WARNING : saving_api : You are saving your model as an HDF5 file via `model.save()` or `keras.saving.save_model(model)`. This file format is considered legacy. We recommend using instead the native Keras format, e.g. `model.save('my_model.keras')` or `keras.saving.save_model(model, 'my_model.keras')`. ]
[2025-11-24 13:13:39,720 : WARNING : saving_api : You are saving your model as an HDF5 file via `model.save()` or `keras.saving.save_model(model)`. This file format is considered legacy. We recommend using instead the native Keras format, e.g. `model.save('my_model.keras')` or `keras.saving.save_model(model, 'my_model.keras')`. ]
[2025-11-24 13:13:39,923 : INFO : main : >>>>>>> Prepare Base Model completed <<<<<

x=======x]
[2025-11-24 13:13:39,923 : INFO : main : >>>>>> Training started <<<<<<]
[2025-11-24 13:13:39,926 : INFO : common : yaml file: config\config.yaml loaded successfully]
[2025-11-24 13:13:39,928 : INFO : common : yaml file: params.yaml loaded successfully]
[2025-11-24 13:13:39,929 : INFO : common : created directory at: artifacts]
[2025-11-24 13:13:39,930 : INFO : common : created directory at: artifacts\prepare_callbacks\checkpoint_dir]
[2025-11-24 13:13:39,931 : INFO : common : created directory at: artifacts\prepare_callbacks\tensorboard_log_dir]
[2025-11-24 13:13:39,933 : INFO : common : created directory at: artifacts\training]
[2025-11-24 13:13:40,253 : WARNING : saving_utils : Compiled the loaded model, but the compiled metrics have yet to be built. `model.compile_metrics` will be empty until you train or evaluate the model.]
[2025-11-24 13:16:54,842 : WARNING : saving_api : You are saving your model as an HDF5 file via `model.save()` or `keras.saving.save_model(model)`. This file format is considered legacy. We recommend using instead the native Keras format, e.g. `model.save('my_model.keras')` or `keras.saving.save_model(model, 'my_model.keras')`. ]
[2025-11-24 13:16:55,574 : WARNING : saving_api : You are saving your model as an HDF5 file via `model.save()` or `keras.saving.save_model(model)`. This file format is considered legacy. We recommend using instead the native Keras format, e.g. `model.save('my_model.keras')` or `keras.saving.save_model(model, 'my_model.keras')`. ]
[2025-11-24 13:16:56,029 : INFO : main : >>>>>> Training completed <<<<<<

x==========x]
[2025-11-24 13:16:56,031 : INFO : main : >>>>>> Evaluation started <<<<<<]
[2025-11-24 13:16:56,063 : INFO : common : yaml file: config\config.yaml loaded successfully]
[2025-11-24 13:16:56,076 : INFO : common : yaml file: params.yaml loaded successfully]
[2025-11-24 13:16:56,082 : INFO : common : created directory at: artifacts]
[2025-11-24 13:16:56,877 : WARNING : saving_utils : Compiled the loaded model, but the compiled metrics have yet to be built. `model.compile_metrics` will be empty until you train or evaluate the model.]
[2025-11-24 13:17:19,586 : INFO : common : json file saved at: scores.json]
[2025-11-24 13:17:19,588 : INFO : main : >>>>>> Evaluation completed <<<<<<

x==========x]
[2025-12-18 14:04:04,646 : INFO : main : >>>>>> Data Ingestion Stage started <<<<<<]
[2025-12-18 14:04:04,682 : INFO : common : yaml file: config\config.yaml loaded successfully]
[2025-12-18 14:04:04,711 : INFO : common : yaml file: params.yaml loaded successfully]
[2025-12-18 14:04:04,714 : INFO : common : created directory at: artifacts]
[2025-12-18 14:04:04,715 : INFO : common : created directory at: artifacts/data_ingestion]
[2025-12-18 14:04:04,716 : INFO : data_ingestion : File already exists of size: ~ 11345 KB]
[2025-12-18 14:04:05,193 : INFO : main : >>>>>> Data Ingestion Stage completed <<<<<<

x==========x]
[2025-12-18 14:04:05,195 : INFO : main : >>>>>> Prepare Base Model started <<<<]
[2025-12-18 14:04:05,197 : INFO : common : yaml file: config\config.yaml loaded successfully]
[2025-12-18 14:04:05,198 : INFO : common : yaml file: params.yaml loaded successfully]
[2025-12-18 14:04:05,199 : INFO : common : created directory at: artifacts]
[2025-12-18 14:04:05,200 : INFO : common : created directory at: artifacts/prepare_base_model]
[2025-12-18 14:04:06,203 : WARNING : saving_api : You are saving your model as an HDF5 file via `model.save()` or `keras.saving.save_model(model)`. This file format is considered legacy. We recommend using instead the native Keras format, e.g. `model.save('my_model.keras')` or `keras.saving.save_model(model, 'my_model.keras')`. ]
[2025-12-18 14:04:06,662 : WARNING : saving_api : You are saving your model as an HDF5 file via `model.save()` or `keras.saving.save_model(model)`. This file format is considered legacy. We recommend using instead the native Keras format, e.g. `model.save('my_model.keras')` or `keras.saving.save_model(model, 'my_model.keras')`. ]
[2025-12-18 14:04:07,199 : INFO : main : >>>>>>> Prepare Base Model completed <<<<<

x=======x]
[2025-12-18 14:04:07,199 : INFO : main : >>>>>> Training started <<<<<<]
[2025-12-18 14:04:07,205 : INFO : common : yaml file: config\config.yaml loaded successfully]
[2025-12-18 14:04:07,208 : INFO : common : yaml file: params.yaml loaded successfully]
[2025-12-18 14:04:07,209 : INFO : common : created directory at: artifacts]
[2025-12-18 14:04:07,211 : INFO : common : created directory at: artifacts\prepare_callbacks\checkpoint_dir]
[2025-12-18 14:04:07,212 : INFO : common : created directory at: artifacts\prepare_callbacks\tensorboard_log_dir]
[2025-12-18 14:04:07,214 : INFO : common : created directory at: artifacts\training]
[2025-12-18 14:04:07,503 : WARNING : saving_utils : Compiled the loaded model, but the compiled metrics have yet to be built. `model.compile_metrics` will be empty until you train or evaluate the model.]
[2025-12-18 14:05:20,534 : ERROR : main : Exception encountered when calling Conv2D.call().

[1m{{function_node __wrapped____MklNativeConv2D_device_/job:localhost/replica:0/task:0/device:CPU:0}} Operation received an exception:Status: 1, message: could not create a memory object, in file tensorflow/core/kernels/mkl/mkl_conv_ops.cc:1112 [Op:Conv2D][0m

Arguments received by Conv2D.call():
  • inputs=tf.Tensor(shape=(16, 28, 28, 256), dtype=float32)]
Traceback (most recent call last):
  File "C:\Users\hardi\OneDrive - wipro\Desktop\DL ops HS\vinipro\main.py", line 45, in <module>
    model_trainer.main()
  File "C:\Users\hardi\OneDrive - wipro\Desktop\DL ops HS\vinipro\src\cnnclassifier\pipeline\stage_03_training.py", line 25, in main
    training.train(
  File "C:\Users\hardi\OneDrive - wipro\Desktop\DL ops HS\vinipro\src\cnnclassifier\components\training.py", line 77, in train
    self.model.fit(
  File "C:\Users\hardi\OneDrive - wipro\Desktop\DL ops HS\vinipro\.venv\Lib\site-packages\keras\src\utils\traceback_utils.py", line 122, in error_handler
    raise e.with_traceback(filtered_tb) from None
  File "C:\Users\hardi\OneDrive - wipro\Desktop\DL ops HS\vinipro\.venv\Lib\site-packages\keras\src\utils\traceback_utils.py", line 124, in error_handler
    del filtered_tb
        ^^^^^^^^^^^
tensorflow.python.framework.errors_impl.AbortedError: Exception encountered when calling Conv2D.call().

[1m{{function_node __wrapped____MklNativeConv2D_device_/job:localhost/replica:0/task:0/device:CPU:0}} Operation received an exception:Status: 1, message: could not create a memory object, in file tensorflow/core/kernels/mkl/mkl_conv_ops.cc:1112 [Op:Conv2D][0m

Arguments received by Conv2D.call():
  • inputs=tf.Tensor(shape=(16, 28, 28, 256), dtype=float32)
[2025-12-18 14:12:13,140 : INFO : main : >>>>>> Data Ingestion Stage started <<<<<<]
[2025-12-18 14:12:13,146 : INFO : common : yaml file: config\config.yaml loaded successfully]
[2025-12-18 14:12:13,149 : INFO : common : yaml file: params.yaml loaded successfully]
[2025-12-18 14:12:13,150 : INFO : common : created directory at: artifacts]
[2025-12-18 14:12:13,153 : INFO : common : created directory at: artifacts/data_ingestion]
[2025-12-18 14:12:13,154 : INFO : data_ingestion : File already exists of size: ~ 11345 KB]
[2025-12-18 14:12:13,745 : INFO : main : >>>>>> Data Ingestion Stage completed <<<<<<

x==========x]
[2025-12-18 14:12:13,745 : INFO : main : >>>>>> Prepare Base Model started <<<<]
[2025-12-18 14:12:13,749 : INFO : common : yaml file: config\config.yaml loaded successfully]
[2025-12-18 14:12:13,752 : INFO : common : yaml file: params.yaml loaded successfully]
[2025-12-18 14:12:13,754 : INFO : common : created directory at: artifacts]
[2025-12-18 14:12:13,755 : INFO : common : created directory at: artifacts/prepare_base_model]
[2025-12-18 14:12:14,634 : WARNING : saving_api : You are saving your model as an HDF5 file via `model.save()` or `keras.saving.save_model(model)`. This file format is considered legacy. We recommend using instead the native Keras format, e.g. `model.save('my_model.keras')` or `keras.saving.save_model(model, 'my_model.keras')`. ]
[2025-12-18 14:12:15,555 : WARNING : saving_api : You are saving your model as an HDF5 file via `model.save()` or `keras.saving.save_model(model)`. This file format is considered legacy. We recommend using instead the native Keras format, e.g. `model.save('my_model.keras')` or `keras.saving.save_model(model, 'my_model.keras')`. ]
[2025-12-18 14:12:16,090 : INFO : main : >>>>>>> Prepare Base Model completed <<<<<

x=======x]
[2025-12-18 14:12:16,091 : INFO : main : >>>>>> Training started <<<<<<]
[2025-12-18 14:12:16,097 : INFO : common : yaml file: config\config.yaml loaded successfully]
[2025-12-18 14:12:16,100 : INFO : common : yaml file: params.yaml loaded successfully]
[2025-12-18 14:12:16,101 : INFO : common : created directory at: artifacts]
[2025-12-18 14:12:16,105 : INFO : common : created directory at: artifacts\prepare_callbacks\checkpoint_dir]
[2025-12-18 14:12:16,106 : INFO : common : created directory at: artifacts\prepare_callbacks\tensorboard_log_dir]
[2025-12-18 14:12:16,108 : INFO : common : created directory at: artifacts\training]
[2025-12-18 14:12:16,562 : WARNING : saving_utils : Compiled the loaded model, but the compiled metrics have yet to be built. `model.compile_metrics` will be empty until you train or evaluate the model.]
[2025-12-18 14:14:42,324 : INFO : main : >>>>>> Data Ingestion Stage started <<<<<<]
[2025-12-18 14:14:42,331 : INFO : common : yaml file: config\config.yaml loaded successfully]
[2025-12-18 14:14:42,336 : INFO : common : yaml file: params.yaml loaded successfully]
[2025-12-18 14:14:42,339 : INFO : common : created directory at: artifacts]
[2025-12-18 14:14:42,341 : INFO : common : created directory at: artifacts/data_ingestion]
[2025-12-18 14:14:42,342 : INFO : data_ingestion : File already exists of size: ~ 11345 KB]
[2025-12-18 14:14:42,852 : INFO : main : >>>>>> Data Ingestion Stage completed <<<<<<

x==========x]
[2025-12-18 14:14:42,853 : INFO : main : >>>>>> Prepare Base Model started <<<<]
[2025-12-18 14:14:42,856 : INFO : common : yaml file: config\config.yaml loaded successfully]
[2025-12-18 14:14:42,857 : INFO : common : yaml file: params.yaml loaded successfully]
[2025-12-18 14:14:42,858 : INFO : common : created directory at: artifacts]
[2025-12-18 14:14:42,859 : INFO : common : created directory at: artifacts/prepare_base_model]
[2025-12-18 14:14:43,691 : WARNING : saving_api : You are saving your model as an HDF5 file via `model.save()` or `keras.saving.save_model(model)`. This file format is considered legacy. We recommend using instead the native Keras format, e.g. `model.save('my_model.keras')` or `keras.saving.save_model(model, 'my_model.keras')`. ]
[2025-12-18 14:14:44,103 : WARNING : saving_api : You are saving your model as an HDF5 file via `model.save()` or `keras.saving.save_model(model)`. This file format is considered legacy. We recommend using instead the native Keras format, e.g. `model.save('my_model.keras')` or `keras.saving.save_model(model, 'my_model.keras')`. ]
[2025-12-18 14:14:44,324 : INFO : main : >>>>>>> Prepare Base Model completed <<<<<

x=======x]
[2025-12-18 14:14:44,325 : INFO : main : >>>>>> Training started <<<<<<]
[2025-12-18 14:14:44,328 : INFO : common : yaml file: config\config.yaml loaded successfully]
[2025-12-18 14:14:44,331 : INFO : common : yaml file: params.yaml loaded successfully]
[2025-12-18 14:14:44,332 : INFO : common : created directory at: artifacts]
[2025-12-18 14:14:44,335 : INFO : common : created directory at: artifacts\prepare_callbacks\checkpoint_dir]
[2025-12-18 14:14:44,340 : INFO : common : created directory at: artifacts\prepare_callbacks\tensorboard_log_dir]
[2025-12-18 14:14:44,347 : INFO : common : created directory at: artifacts\training]
[2025-12-18 14:14:44,662 : WARNING : saving_utils : Compiled the loaded model, but the compiled metrics have yet to be built. `model.compile_metrics` will be empty until you train or evaluate the model.]
[2025-12-18 14:15:52,242 : INFO : main : >>>>>> Data Ingestion Stage started <<<<<<]
[2025-12-18 14:15:52,250 : INFO : common : yaml file: config\config.yaml loaded successfully]
[2025-12-18 14:15:52,259 : INFO : common : yaml file: params.yaml loaded successfully]
[2025-12-18 14:15:52,260 : INFO : common : created directory at: artifacts]
[2025-12-18 14:15:52,261 : INFO : common : created directory at: artifacts/data_ingestion]
[2025-12-18 14:15:52,263 : INFO : data_ingestion : File already exists of size: ~ 11345 KB]
[2025-12-18 14:15:53,102 : INFO : main : >>>>>> Data Ingestion Stage completed <<<<<<

x==========x]
[2025-12-18 14:15:53,103 : INFO : main : >>>>>> Prepare Base Model started <<<<]
[2025-12-18 14:15:53,106 : INFO : common : yaml file: config\config.yaml loaded successfully]
[2025-12-18 14:15:53,108 : INFO : common : yaml file: params.yaml loaded successfully]
[2025-12-18 14:15:53,109 : INFO : common : created directory at: artifacts]
[2025-12-18 14:15:53,110 : INFO : common : created directory at: artifacts/prepare_base_model]
[2025-12-18 14:15:54,112 : WARNING : saving_api : You are saving your model as an HDF5 file via `model.save()` or `keras.saving.save_model(model)`. This file format is considered legacy. We recommend using instead the native Keras format, e.g. `model.save('my_model.keras')` or `keras.saving.save_model(model, 'my_model.keras')`. ]
[2025-12-18 14:15:56,104 : WARNING : saving_api : You are saving your model as an HDF5 file via `model.save()` or `keras.saving.save_model(model)`. This file format is considered legacy. We recommend using instead the native Keras format, e.g. `model.save('my_model.keras')` or `keras.saving.save_model(model, 'my_model.keras')`. ]
[2025-12-18 14:15:56,440 : INFO : main : >>>>>>> Prepare Base Model completed <<<<<

x=======x]
[2025-12-18 14:15:56,441 : INFO : main : >>>>>> Training started <<<<<<]
[2025-12-18 14:15:56,445 : INFO : common : yaml file: config\config.yaml loaded successfully]
[2025-12-18 14:15:56,447 : INFO : common : yaml file: params.yaml loaded successfully]
[2025-12-18 14:15:56,448 : INFO : common : created directory at: artifacts]
[2025-12-18 14:15:56,455 : INFO : common : created directory at: artifacts\prepare_callbacks\checkpoint_dir]
[2025-12-18 14:15:56,458 : INFO : common : created directory at: artifacts\prepare_callbacks\tensorboard_log_dir]
[2025-12-18 14:15:56,460 : INFO : common : created directory at: artifacts\training]
[2025-12-18 14:15:56,873 : WARNING : saving_utils : Compiled the loaded model, but the compiled metrics have yet to be built. `model.compile_metrics` will be empty until you train or evaluate the model.]
[2025-12-18 14:20:33,216 : WARNING : saving_api : You are saving your model as an HDF5 file via `model.save()` or `keras.saving.save_model(model)`. This file format is considered legacy. We recommend using instead the native Keras format, e.g. `model.save('my_model.keras')` or `keras.saving.save_model(model, 'my_model.keras')`. ]
[2025-12-18 14:20:33,724 : WARNING : saving_api : You are saving your model as an HDF5 file via `model.save()` or `keras.saving.save_model(model)`. This file format is considered legacy. We recommend using instead the native Keras format, e.g. `model.save('my_model.keras')` or `keras.saving.save_model(model, 'my_model.keras')`. ]
[2025-12-18 14:20:33,959 : INFO : main : >>>>>> Training completed <<<<<<

x==========x]
[2025-12-18 14:20:33,960 : INFO : main : >>>>>> Evaluation started <<<<<<]
[2025-12-18 14:20:33,972 : INFO : common : yaml file: config\config.yaml loaded successfully]
[2025-12-18 14:20:33,976 : INFO : common : yaml file: params.yaml loaded successfully]
[2025-12-18 14:20:33,995 : INFO : common : created directory at: artifacts]
[2025-12-18 14:20:34,384 : WARNING : saving_utils : Compiled the loaded model, but the compiled metrics have yet to be built. `model.compile_metrics` will be empty until you train or evaluate the model.]
[2025-12-18 14:20:58,475 : INFO : common : json file saved at: scores.json]
[2025-12-18 14:20:58,477 : INFO : main : >>>>>> Evaluation completed <<<<<<

x==========x]
[2025-12-18 14:34:55,273 : INFO : main : >>>>>> Data Ingestion Stage started <<<<<<]
[2025-12-18 14:34:55,277 : INFO : common : yaml file: config\config.yaml loaded successfully]
[2025-12-18 14:34:55,282 : INFO : common : yaml file: params.yaml loaded successfully]
[2025-12-18 14:34:55,283 : INFO : common : created directory at: artifacts]
[2025-12-18 14:34:55,284 : INFO : common : created directory at: artifacts/data_ingestion]
[2025-12-18 14:34:55,284 : INFO : data_ingestion : File already exists of size: ~ 11345 KB]
[2025-12-18 14:34:55,603 : INFO : main : >>>>>> Data Ingestion Stage completed <<<<<<

x==========x]
[2025-12-18 14:34:55,603 : INFO : main : >>>>>> Prepare Base Model started <<<<]
[2025-12-18 14:34:55,604 : INFO : common : yaml file: config\config.yaml loaded successfully]
[2025-12-18 14:34:55,605 : INFO : common : yaml file: params.yaml loaded successfully]
[2025-12-18 14:34:55,606 : INFO : common : created directory at: artifacts]
[2025-12-18 14:34:55,609 : INFO : common : created directory at: artifacts/prepare_base_model]
[2025-12-18 14:34:56,311 : WARNING : saving_api : You are saving your model as an HDF5 file via `model.save()` or `keras.saving.save_model(model)`. This file format is considered legacy. We recommend using instead the native Keras format, e.g. `model.save('my_model.keras')` or `keras.saving.save_model(model, 'my_model.keras')`. ]
[2025-12-18 14:34:56,757 : WARNING : saving_api : You are saving your model as an HDF5 file via `model.save()` or `keras.saving.save_model(model)`. This file format is considered legacy. We recommend using instead the native Keras format, e.g. `model.save('my_model.keras')` or `keras.saving.save_model(model, 'my_model.keras')`. ]
[2025-12-18 14:34:57,152 : INFO : main : >>>>>>> Prepare Base Model completed <<<<<

x=======x]
[2025-12-18 14:34:57,152 : INFO : main : >>>>>> Training started <<<<<<]
[2025-12-18 14:34:57,165 : INFO : common : yaml file: config\config.yaml loaded successfully]
[2025-12-18 14:34:57,166 : INFO : common : yaml file: params.yaml loaded successfully]
[2025-12-18 14:34:57,167 : INFO : common : created directory at: artifacts]
[2025-12-18 14:34:57,188 : INFO : common : created directory at: artifacts\prepare_callbacks\checkpoint_dir]
[2025-12-18 14:34:57,194 : INFO : common : created directory at: artifacts\prepare_callbacks\tensorboard_log_dir]
[2025-12-18 14:34:57,205 : INFO : common : created directory at: artifacts\training]
[2025-12-18 14:34:57,498 : WARNING : saving_utils : Compiled the loaded model, but the compiled metrics have yet to be built. `model.compile_metrics` will be empty until you train or evaluate the model.]
[2025-12-18 14:38:29,646 : WARNING : saving_api : You are saving your model as an HDF5 file via `model.save()` or `keras.saving.save_model(model)`. This file format is considered legacy. We recommend using instead the native Keras format, e.g. `model.save('my_model.keras')` or `keras.saving.save_model(model, 'my_model.keras')`. ]
[2025-12-18 14:38:29,927 : WARNING : saving_api : You are saving your model as an HDF5 file via `model.save()` or `keras.saving.save_model(model)`. This file format is considered legacy. We recommend using instead the native Keras format, e.g. `model.save('my_model.keras')` or `keras.saving.save_model(model, 'my_model.keras')`. ]
[2025-12-18 14:38:30,075 : INFO : main : >>>>>> Training completed <<<<<<

x==========x]
[2025-12-18 14:38:30,076 : INFO : main : >>>>>> Evaluation started <<<<<<]
[2025-12-18 14:38:30,084 : INFO : common : yaml file: config\config.yaml loaded successfully]
[2025-12-18 14:38:30,090 : INFO : common : yaml file: params.yaml loaded successfully]
[2025-12-18 14:38:30,092 : INFO : common : created directory at: artifacts]
[2025-12-18 14:38:30,322 : WARNING : saving_utils : Compiled the loaded model, but the compiled metrics have yet to be built. `model.compile_metrics` will be empty until you train or evaluate the model.]
[2025-12-18 14:38:48,126 : INFO : common : json file saved at: scores.json]
[2025-12-18 14:38:48,126 : INFO : main : >>>>>> Evaluation completed <<<<<<

x==========x]
[2025-12-18 14:52:03,812 : INFO : stage_01_data_ingestion : >>>> stage Data Ingestion stage started >>>>>]
[2025-12-18 14:52:03,815 : INFO : common : yaml file: config\config.yaml loaded successfully]
[2025-12-18 14:52:03,817 : INFO : common : yaml file: params.yaml loaded successfully]
[2025-12-18 14:52:03,817 : INFO : common : created directory at: artifacts]
[2025-12-18 14:52:03,818 : INFO : common : created directory at: artifacts/data_ingestion]
[2025-12-18 14:52:03,818 : INFO : data_ingestion : File already exists of size: ~ 11345 KB]
[2025-12-18 14:52:04,095 : INFO : stage_01_data_ingestion : >>> stage Data Ingestion stage completed >>>>>

 x======x]
[2025-12-18 14:52:16,585 : INFO : stage_02_prepare_base_model : ***********]
[2025-12-18 14:52:16,586 : INFO : stage_02_prepare_base_model : >>>>>> stage Prepare base model started <<<<<]
[2025-12-18 14:52:16,588 : INFO : common : yaml file: config\config.yaml loaded successfully]
[2025-12-18 14:52:16,592 : INFO : common : yaml file: params.yaml loaded successfully]
[2025-12-18 14:52:16,592 : INFO : common : created directory at: artifacts]
[2025-12-18 14:52:16,593 : INFO : common : created directory at: artifacts/prepare_base_model]
[2025-12-18 14:52:17,091 : WARNING : saving_api : You are saving your model as an HDF5 file via `model.save()` or `keras.saving.save_model(model)`. This file format is considered legacy. We recommend using instead the native Keras format, e.g. `model.save('my_model.keras')` or `keras.saving.save_model(model, 'my_model.keras')`. ]
[2025-12-18 14:52:17,399 : WARNING : saving_api : You are saving your model as an HDF5 file via `model.save()` or `keras.saving.save_model(model)`. This file format is considered legacy. We recommend using instead the native Keras format, e.g. `model.save('my_model.keras')` or `keras.saving.save_model(model, 'my_model.keras')`. ]
[2025-12-18 14:52:17,959 : INFO : stage_02_prepare_base_model : >>>>> stage Prepare base model completed <<<<<<<

x=====x]
[2025-12-18 14:52:28,278 : INFO : stage_03_training : *******************]
[2025-12-18 14:52:28,278 : INFO : stage_03_training : >>>>>> stage Training started <<<<<<]
[2025-12-18 14:52:28,280 : INFO : common : yaml file: config\config.yaml loaded successfully]
[2025-12-18 14:52:28,281 : INFO : common : yaml file: params.yaml loaded successfully]
[2025-12-18 14:52:28,282 : INFO : common : created directory at: artifacts]
[2025-12-18 14:52:28,282 : INFO : common : created directory at: artifacts\prepare_callbacks\checkpoint_dir]
[2025-12-18 14:52:28,282 : INFO : common : created directory at: artifacts\prepare_callbacks\tensorboard_log_dir]
[2025-12-18 14:52:28,283 : INFO : common : created directory at: artifacts\training]
[2025-12-18 14:52:28,525 : WARNING : saving_utils : Compiled the loaded model, but the compiled metrics have yet to be built. `model.compile_metrics` will be empty until you train or evaluate the model.]
[2025-12-18 14:54:16,657 : WARNING : saving_api : You are saving your model as an HDF5 file via `model.save()` or `keras.saving.save_model(model)`. This file format is considered legacy. We recommend using instead the native Keras format, e.g. `model.save('my_model.keras')` or `keras.saving.save_model(model, 'my_model.keras')`. ]
[2025-12-18 14:54:16,912 : WARNING : saving_api : You are saving your model as an HDF5 file via `model.save()` or `keras.saving.save_model(model)`. This file format is considered legacy. We recommend using instead the native Keras format, e.g. `model.save('my_model.keras')` or `keras.saving.save_model(model, 'my_model.keras')`. ]
[2025-12-18 14:54:17,789 : INFO : stage_03_training : >>>>>> stage Training completed <<<<<<

x==========x]
[2025-12-18 14:54:27,610 : INFO : stage_04_evaluation : *******************]
[2025-12-18 14:54:27,611 : INFO : stage_04_evaluation : >>>>>> stage Evaluation stage started <<<<<<]
[2025-12-18 14:54:27,613 : INFO : common : yaml file: config\config.yaml loaded successfully]
[2025-12-18 14:54:27,615 : INFO : common : yaml file: params.yaml loaded successfully]
[2025-12-18 14:54:27,615 : INFO : common : created directory at: artifacts]
[2025-12-18 14:54:27,870 : WARNING : saving_utils : Compiled the loaded model, but the compiled metrics have yet to be built. `model.compile_metrics` will be empty until you train or evaluate the model.]
[2025-12-18 14:54:37,804 : INFO : common : json file saved at: scores.json]
[2025-12-18 14:54:37,805 : INFO : stage_04_evaluation : >>>>>> stage Evaluation stage completed <<<<<<

x==========x]
[2025-12-19 14:44:20,334 : INFO : _internal : [31m[1mWARNING: This is a development server. Do not use it in a production deployment. Use a production WSGI server instead.[0m
 * Running on all addresses (0.0.0.0)
 * Running on http://127.0.0.1:5000
 * Running on http://192.168.1.43:5000]
[2025-12-19 14:44:20,335 : INFO : _internal : [33mPress CTRL+C to quit[0m]
[2025-12-19 14:44:36,841 : INFO : _internal : 127.0.0.1 - - [19/Dec/2025 14:44:36] "GET / HTTP/1.1" 200 -]
[2025-12-19 14:44:36,944 : INFO : _internal : 127.0.0.1 - - [19/Dec/2025 14:44:36] "[33mGET /favicon.ico HTTP/1.1[0m" 404 -]
[2025-12-19 14:45:51,490 : INFO : _internal : 127.0.0.1 - - [19/Dec/2025 14:45:51] "GET / HTTP/1.1" 200 -]
[2025-12-19 14:47:03,933 : INFO : _internal : [31m[1mWARNING: This is a development server. Do not use it in a production deployment. Use a production WSGI server instead.[0m
 * Running on all addresses (0.0.0.0)
 * Running on http://127.0.0.1:5000
 * Running on http://192.168.1.43:5000]
[2025-12-19 14:47:03,934 : INFO : _internal : [33mPress CTRL+C to quit[0m]
[2025-12-19 14:47:09,128 : INFO : _internal : 127.0.0.1 - - [19/Dec/2025 14:47:09] "GET / HTTP/1.1" 200 -]
[2025-12-19 14:50:22,349 : INFO : _internal : [31m[1mWARNING: This is a development server. Do not use it in a production deployment. Use a production WSGI server instead.[0m
 * Running on all addresses (0.0.0.0)
 * Running on http://127.0.0.1:5000
 * Running on http://192.168.1.43:5000]
[2025-12-19 14:50:22,349 : INFO : _internal : [33mPress CTRL+C to quit[0m]
[2025-12-19 14:50:26,797 : INFO : _internal : 127.0.0.1 - - [19/Dec/2025 14:50:26] "GET / HTTP/1.1" 200 -]
[2025-12-19 14:54:21,078 : INFO : _internal : 127.0.0.1 - - [19/Dec/2025 14:54:21] "GET / HTTP/1.1" 200 -]
[2025-12-19 14:54:30,650 : INFO : _internal : 127.0.0.1 - - [19/Dec/2025 14:54:30] "GET / HTTP/1.1" 200 -]
[2025-12-19 14:54:45,381 : INFO : _internal : 127.0.0.1 - - [19/Dec/2025 14:54:45] "GET / HTTP/1.1" 200 -]
[2025-12-19 14:54:48,163 : INFO : _internal : 127.0.0.1 - - [19/Dec/2025 14:54:48] "GET / HTTP/1.1" 200 -]
[2025-12-19 14:55:46,031 : INFO : _internal : 127.0.0.1 - - [19/Dec/2025 14:55:46] "GET / HTTP/1.1" 200 -]
[2025-12-19 14:57:47,644 : INFO : _internal : [31m[1mWARNING: This is a development server. Do not use it in a production deployment. Use a production WSGI server instead.[0m
 * Running on all addresses (0.0.0.0)
 * Running on http://127.0.0.1:5000
 * Running on http://192.168.1.43:5000]
[2025-12-19 14:57:47,646 : INFO : _internal : [33mPress CTRL+C to quit[0m]
[2025-12-19 14:57:53,141 : INFO : _internal : 127.0.0.1 - - [19/Dec/2025 14:57:53] "GET / HTTP/1.1" 200 -]
